Copyright 1986-2020 Xilinx, Inc. All Rights Reserved.
------------------------------------------------------------------------------------------
| Tool Version : Vivado v.2020.2 (win64) Build 3064766 Wed Nov 18 09:12:45 MST 2020
| Date         : Thu Nov 10 14:34:40 2022
| Host         : DESKTOP-8G19R9A running 64-bit major release  (build 9200)
| Command      : report_control_sets -verbose -file OTTER_Wrapper_control_sets_placed.rpt
| Design       : OTTER_Wrapper
| Device       : xc7a35t
------------------------------------------------------------------------------------------

Control Set Information

Table of Contents
-----------------
1. Summary
2. Histogram
3. Flip-Flop Distribution
4. Detailed Control Set Information

1. Summary
----------

+----------------------------------------------------------+-------+
|                          Status                          | Count |
+----------------------------------------------------------+-------+
| Total control sets                                       |    10 |
|    Minimum number of control sets                        |    10 |
|    Addition due to synthesis replication                 |     0 |
|    Addition due to physical synthesis replication        |     0 |
| Unused register locations in slices containing registers |    16 |
+----------------------------------------------------------+-------+
* Control sets can be merged at opt_design using control_set_merge or merge_equivalent_drivers
** Run report_qor_suggestions for automated merging and remapping suggestions


2. Histogram
------------

+--------------------+-------+
|       Fanout       | Count |
+--------------------+-------+
| Total control sets |    10 |
| >= 0 to < 4        |     1 |
| >= 4 to < 6        |     2 |
| >= 6 to < 8        |     1 |
| >= 8 to < 10       |     1 |
| >= 10 to < 12      |     0 |
| >= 12 to < 14      |     0 |
| >= 14 to < 16      |     0 |
| >= 16              |     5 |
+--------------------+-------+
* Control sets can be remapped at either synth_design or opt_design


3. Flip-Flop Distribution
-------------------------

+--------------+-----------------------+------------------------+-----------------+--------------+
| Clock Enable | Synchronous Set/Reset | Asynchronous Set/Reset | Total Registers | Total Slices |
+--------------+-----------------------+------------------------+-----------------+--------------+
| No           | No                    | No                     |               8 |            5 |
| No           | No                    | Yes                    |               0 |            0 |
| No           | Yes                   | No                     |               0 |            0 |
| Yes          | No                    | No                     |              64 |           31 |
| Yes          | No                    | Yes                    |               0 |            0 |
| Yes          | Yes                   | No                     |              48 |           21 |
+--------------+-----------------------+------------------------+-----------------+--------------+


4. Detailed Control Set Information
-----------------------------------

+----------------+-----------------------------------------+--------------------------------------------+------------------+----------------+--------------+
|  Clock Signal  |              Enable Signal              |              Set/Reset Signal              | Slice Load Count | Bel Load Count | Bels / Slice |
+----------------+-----------------------------------------+--------------------------------------------+------------------+----------------+--------------+
|  clk_IBUF_BUFG |                                         |                                            |                1 |              1 |         1.00 |
|  s_clk_BUFG    | my_otter/OTTER_MEMORY/E[0]              |                                            |                1 |              4 |         4.00 |
|  s_clk_BUFG    | my_otter/my_fsm/rden1                   |                                            |                1 |              4 |         4.00 |
|  s_clk_BUFG    |                                         |                                            |                4 |              7 |         1.75 |
|  s_clk_BUFG    | my_otter/OTTER_MEMORY/r_segs[7]_i_2[0]  |                                            |                3 |              8 |         2.67 |
|  s_clk_BUFG    | my_otter/OTTER_MEMORY/r_leds[15]_i_4[0] |                                            |                9 |             16 |         1.78 |
|  s_clk_BUFG    | my_otter/my_fsm/rden2                   | my_otter/OTTER_MEMORY/ioBuffer[15]_i_1_n_0 |                7 |             16 |         2.29 |
|  s_clk_BUFG    | reg_file_reg_r1_0_31_18_23_i_24_n_0     |                                            |               17 |             32 |         1.88 |
|  s_clk_BUFG    | my_otter/my_fsm/E[0]                    | my_otter/my_fsm/SR[0]                      |               14 |             32 |         2.29 |
|  s_clk_BUFG    | my_otter/OTTER_MEMORY/p_0_in__0         |                                            |               12 |             96 |         8.00 |
+----------------+-----------------------------------------+--------------------------------------------+------------------+----------------+--------------+


