Copyright 1986-2020 Xilinx, Inc. All Rights Reserved.
------------------------------------------------------------------------------------------
| Tool Version : Vivado v.2020.2 (win64) Build 3064766 Wed Nov 18 09:12:45 MST 2020
| Date         : Tue Sep 26 21:06:21 2023
| Host         : DESKTOP-8G19R9A running 64-bit major release  (build 9200)
| Command      : report_control_sets -verbose -file OTTER_Wrapper_control_sets_placed.rpt
| Design       : OTTER_Wrapper
| Device       : xc7a35t
------------------------------------------------------------------------------------------

Control Set Information

Table of Contents
-----------------
1. Summary
2. Histogram
3. Flip-Flop Distribution
4. Detailed Control Set Information

1. Summary
----------

+----------------------------------------------------------+-------+
|                          Status                          | Count |
+----------------------------------------------------------+-------+
| Total control sets                                       |    14 |
|    Minimum number of control sets                        |    14 |
|    Addition due to synthesis replication                 |     0 |
|    Addition due to physical synthesis replication        |     0 |
| Unused register locations in slices containing registers |    23 |
+----------------------------------------------------------+-------+
* Control sets can be merged at opt_design using control_set_merge or merge_equivalent_drivers
** Run report_qor_suggestions for automated merging and remapping suggestions


2. Histogram
------------

+--------------------+-------+
|       Fanout       | Count |
+--------------------+-------+
| Total control sets |    14 |
| >= 0 to < 4        |     1 |
| >= 4 to < 6        |     2 |
| >= 6 to < 8        |     0 |
| >= 8 to < 10       |     1 |
| >= 10 to < 12      |     0 |
| >= 12 to < 14      |     0 |
| >= 14 to < 16      |     0 |
| >= 16              |    10 |
+--------------------+-------+
* Control sets can be remapped at either synth_design or opt_design


3. Flip-Flop Distribution
-------------------------

+--------------+-----------------------+------------------------+-----------------+--------------+
| Clock Enable | Synchronous Set/Reset | Asynchronous Set/Reset | Total Registers | Total Slices |
+--------------+-----------------------+------------------------+-----------------+--------------+
| No           | No                    | No                     |              19 |            9 |
| No           | No                    | Yes                    |               0 |            0 |
| No           | Yes                   | No                     |               0 |            0 |
| Yes          | No                    | No                     |              96 |           46 |
| Yes          | No                    | Yes                    |               0 |            0 |
| Yes          | Yes                   | No                     |             126 |           73 |
+--------------+-----------------------+------------------------+-----------------+--------------+


4. Detailed Control Set Information
-----------------------------------

+----------------+---------------------------------------------------+---------------------------------------------+------------------+----------------+--------------+
|  Clock Signal  |                   Enable Signal                   |               Set/Reset Signal              | Slice Load Count | Bel Load Count | Bels / Slice |
+----------------+---------------------------------------------------+---------------------------------------------+------------------+----------------+--------------+
|  clk_IBUF_BUFG |                                                   |                                             |                1 |              1 |         1.00 |
|  s_clk_BUFG    | my_otter/OTTER_MEMORY/r_leds[15]_i_4_0[0]         |                                             |                1 |              4 |         4.00 |
|  s_clk_BUFG    | my_otter/my_fsm/FSM_sequential_PS_reg[2]_22       |                                             |                2 |              4 |         2.00 |
|  s_clk_BUFG    | my_otter/OTTER_MEMORY/ioBuffer[4]_i_2_0[0]        |                                             |                3 |              8 |         2.67 |
|  s_clk_BUFG    | my_otter/OTTER_MEMORY/memory_reg_bram_8_i_11_0[0] |                                             |                8 |             16 |         2.00 |
|  s_clk_BUFG    | my_dbounce/sel                                    | my_dbounce/s_reset                          |                4 |             16 |         4.00 |
|  s_clk_BUFG    | my_otter/my_fsm/rden2                             | my_otter/OTTER_MEMORY/ioBuffer[15]_i_1_n_0  |                8 |             16 |         2.00 |
|  s_clk_BUFG    |                                                   |                                             |                8 |             18 |         2.25 |
|  s_clk_BUFG    | my_otter/my_fsm/p_0_out[0]                        | my_otter/my_fsm/FSM_sequential_PS_reg[1]_1  |               20 |             30 |         1.50 |
|  s_clk_BUFG    | reg_file_reg_r1_0_31_0_5_i_134_n_0                |                                             |               15 |             32 |         2.13 |
|  s_clk_BUFG    | my_otter/OTTER_MEMORY/E[0]                        |                                             |               17 |             32 |         1.88 |
|  s_clk_BUFG    | my_otter/my_fsm/E[0]                              | my_otter/my_fsm/SR[0]                       |               20 |             32 |         1.60 |
|  s_clk_BUFG    | my_otter/my_fsm/FSM_sequential_PS_reg[1]_0        | my_otter/my_fsm/FSM_sequential_PS_reg[2]_20 |               21 |             32 |         1.52 |
|  s_clk_BUFG    | my_otter/my_fsm/p_0_in                            |                                             |               12 |             96 |         8.00 |
+----------------+---------------------------------------------------+---------------------------------------------+------------------+----------------+--------------+


