Vivado Simulator 2020.2
Copyright 1986-1999, 2001-2020 Xilinx, Inc. All Rights Reserved.
Running: C:/Xilinx/Vivado/2020.2/bin/unwrapped/win64.o/xelab.exe -wto 3d814f539ba54cc49be1010fd8c70a1f --incr --debug typical --relax --mt 2 -L xil_defaultlib -L uvm -L unisims_ver -L unimacro_ver -L secureip --snapshot otter_tb_behav xil_defaultlib.otter_tb xil_defaultlib.glbl -log elaborate.log 
Using 2 slave threads.
Starting static elaboration
Pass Through NonSizing Optimizer
Completed static elaboration
Starting simulation data flow analysis
Completed simulation data flow analysis
Time Resolution for simulation is 1ps
Compiling module xil_defaultlib.PROGRAM_COUNTER_WRAPPER
Compiling module xil_defaultlib.Memory
Compiling module xil_defaultlib.RegFile
Compiling module xil_defaultlib.REG_FILE_WRAPPER
Compiling module xil_defaultlib.ALU
Compiling module xil_defaultlib.ALU_WRAPPER
Compiling module xil_defaultlib.CU_DCDR
Compiling module xil_defaultlib.CU_FSM
Compiling module xil_defaultlib.OTTER_MCU
Compiling module xil_defaultlib.otter_tb
Compiling module xil_defaultlib.glbl
Built simulation snapshot otter_tb_behav
