Vivado Simulator 2020.2
Copyright 1986-1999, 2001-2020 Xilinx, Inc. All Rights Reserved.
Running: C:/Xilinx/Vivado/2020.2/bin/unwrapped/win64.o/xelab.exe -wto 98daab4c3b8b4b34a85926e77c2881df --incr --debug typical --relax --mt 2 -L xil_defaultlib -L uvm -L unisims_ver -L unimacro_ver -L secureip --snapshot otter_tb_behav xil_defaultlib.otter_tb xil_defaultlib.glbl -log elaborate.log 
Using 2 slave threads.
Starting static elaboration
Pass Through NonSizing Optimizer
WARNING: [VRFC 10-3091] actual bit length 32 differs from formal bit length 1 for port 'fclk_only' [C:/Users/srini/Documents/Vivado/cpe233_RISC-V_MCU_no_interrupts/cpe233_RISC-V_MCU_no_interrupts.srcs/sources_1/imports/sources_1/imports/Downloads/Exp6_OTTER_Wrapper_v1_02.sv:88]
Completed static elaboration
Starting simulation data flow analysis
Completed simulation data flow analysis
Time Resolution for simulation is 1ps
Compiling module xil_defaultlib.PROGRAM_COUNTER_WRAPPER
Compiling module xil_defaultlib.Memory
Compiling module xil_defaultlib.RegFile
Compiling module xil_defaultlib.REG_FILE_WRAPPER
Compiling module xil_defaultlib.ALU
Compiling module xil_defaultlib.ALU_WRAPPER
Compiling module xil_defaultlib.CU_DCDR
Compiling module xil_defaultlib.CU_FSM
Compiling module xil_defaultlib.OTTER_MCU
Compiling module xil_defaultlib.cnt_convert_14b
Compiling module xil_defaultlib.cnt_convert_7b
Compiling module xil_defaultlib.clk_divder
Compiling module xil_defaultlib.univ_sseg
Compiling module xil_defaultlib.clk_2n_div_test(n=17)
Compiling module xil_defaultlib.OTTER_Wrapper(TEST=1)
Compiling module xil_defaultlib.otter_tb
Compiling module xil_defaultlib.glbl
Built simulation snapshot otter_tb_behav
